20-05-2020 23:15:56 :: Weclome To Login Form
20-05-2020 23:16:00 :: Welcome To User Page
20-05-2020 23:16:00 :: Login From User::zac
20-05-2020 23:16:02 :: Go To Add Borrow Book
20-05-2020 23:16:09 :: Welcome To User Page
20-05-2020 23:16:15 :: Go To Add Borrow Book
20-05-2020 23:16:19 :: Welcome To User Page
20-05-2020 23:16:20 :: Go To Add Borrow Book
20-05-2020 23:16:25 :: Welcome To User Page
20-05-2020 23:34:11 :: Weclome To Login Form
20-05-2020 23:34:17 :: Welcome To Admin Page
20-05-2020 23:34:17 :: Login From Admin::Admin1
20-05-2020 23:34:19 :: Welcome To Add And View Book Page
20-05-2020 23:34:19 :: Fill Combox of TypeId
20-05-2020 23:34:19 :: Show All Book in DataBase
20-05-2020 23:34:20 :: Go To Add and View Book Page
20-05-2020 23:34:38 :: Insert New Book ::  book name::aa, ISBN::6666, Auther::ss, Type ID::2
20-05-2020 23:34:42 :: Welcome To Admin Page
20-05-2020 23:34:42 :: Go To Admin Page
20-05-2020 23:34:43 :: Go To Search and View Book Page
20-05-2020 23:34:54 :: Welcome To Admin Page
20-05-2020 23:34:56 :: Go To  View Borrow Book Page
20-05-2020 23:35:07 :: Welcome To Admin Page
20-05-2020 23:35:09 :: Go To  View Borrow Book Page
20-05-2020 23:35:11 :: Welcome To Admin Page
20-05-2020 23:35:12 :: Welcome To Add And View User
20-05-2020 23:35:12 :: Show All User in DataBase
20-05-2020 23:35:12 :: Go To Add and View User Page
21-05-2020 00:10:03 :: Weclome To Login Form
21-05-2020 00:10:12 :: Welcome To Admin Page
21-05-2020 00:10:12 :: Login From Admin::Admin1
21-05-2020 00:10:14 :: Welcome To Add And View Book Page
21-05-2020 00:10:14 :: Fill Combox of TypeId
21-05-2020 00:10:14 :: Show All Book in DataBase
21-05-2020 00:10:14 :: Go To Add and View Book Page
21-05-2020 00:10:18 :: Welcome To Admin Page
21-05-2020 00:10:18 :: Go To Admin Page
21-05-2020 00:10:19 :: Welcome To Add And View User
21-05-2020 00:10:19 :: Show All User in DataBase
21-05-2020 00:10:20 :: Go To Add and View User Page
21-05-2020 00:10:39 :: Show All User in DataBase
21-05-2020 00:10:39 :: Add New User in DataBase
21-05-2020 00:10:41 :: Welcome To Admin Page
21-05-2020 00:10:42 :: Go To Admin Page
21-05-2020 00:10:45 :: Welcome To View Books
21-05-2020 00:10:45 :: Go To Search and View Book Page
21-05-2020 00:10:46 :: Select All Books
21-05-2020 00:10:54 :: Select All Books
21-05-2020 00:10:55 :: Select All Books
21-05-2020 00:10:59 :: Select All Books
21-05-2020 00:11:01 :: Welcome To Admin Page
21-05-2020 00:11:01 :: Go To Admin Page
21-05-2020 00:11:02 :: Welcome To View Borrow Books
21-05-2020 00:11:02 :: Go To  View Borrow Book Page
21-05-2020 00:11:04 :: Select All Borrow Book
21-05-2020 00:11:07 :: Welcome To Admin Page
21-05-2020 00:11:07 :: Go To Admin Page
21-05-2020 00:11:09 :: Welcome To View Borrow Books
21-05-2020 00:11:09 :: Go To  View Borrow Book Page
21-05-2020 00:11:11 :: Welcome To Admin Page
21-05-2020 00:11:11 :: Go To Admin Page
21-05-2020 00:11:11 :: Welcome Update and Delete Book Page
21-05-2020 00:11:11 :: Select All Books
21-05-2020 00:11:11 :: fill Combox of type id
21-05-2020 00:11:11 :: Go To Update and Delete Book Page
21-05-2020 00:11:36 :: Select All Books
21-05-2020 00:11:36 :: Update Book for ISBN::123456Update Book Name::sssaa, Auther::aaa, TypeId::1
21-05-2020 00:11:45 :: Welcome To Admin Page
21-05-2020 00:11:45 :: Go To Admin Page
21-05-2020 00:11:47 :: Welcome To Update And Delete User
21-05-2020 00:11:47 :: Show All User in DataBase
21-05-2020 00:11:47 :: Go To Update and Delete User Page
21-05-2020 00:12:06 :: Select All User in DataBase
21-05-2020 00:12:06 :: Update User for User Id::120181882Update User Name::khalil, gender::male, address::Gaza, DOB::2020-05-06
21-05-2020 00:12:10 :: Select All User in DataBase
21-05-2020 00:12:10 :: Delete User for User Id::120181882
21-05-2020 00:12:12 :: Welcome To Admin Page
21-05-2020 00:12:12 :: Go To Admin Page
21-05-2020 00:12:14 :: Weclome To Login Form
21-05-2020 00:12:14 :: Go To Login Page
22-05-2020 23:03:04 :: Weclome To Login Form
22-05-2020 23:03:12 :: Welcome To Admin Page
22-05-2020 23:03:12 :: Login From Admin::Admin1
22-05-2020 23:03:13 :: Welcome To Add And View Book Page
22-05-2020 23:03:13 :: Fill Combox of TypeId
22-05-2020 23:03:13 :: Show All Book in DataBase
22-05-2020 23:03:14 :: Go To Add and View Book Page
22-05-2020 23:03:26 :: Insert New Book ::  book name::jj, ISBN::55889, Auther::ss, Type ID::2
22-05-2020 23:04:55 :: Weclome To Login Form
22-05-2020 23:05:03 :: Welcome To Admin Page
22-05-2020 23:05:03 :: Login From Admin::Admin1
22-05-2020 23:05:05 :: Welcome To Add And View User
22-05-2020 23:05:05 :: Show All User in DataBase
22-05-2020 23:05:06 :: Go To Add and View User Page
22-05-2020 23:05:26 :: Show All User in DataBase
22-05-2020 23:05:26 :: Add New User in DataBase
22-05-2020 23:10:45 :: Weclome To Login Form
22-05-2020 23:10:51 :: Welcome To Admin Page
22-05-2020 23:10:51 :: Login From Admin::Admin1
22-05-2020 23:10:53 :: Welcome To Add And View Book Page
22-05-2020 23:10:53 :: Fill Combox of TypeId
22-05-2020 23:10:53 :: Show All Book in DataBase
22-05-2020 23:10:53 :: Go To Add and View Book Page
22-05-2020 23:11:02 :: Insert New Book ::  book name::sss, ISBN::6696669, Auther::sss, Type ID::2
22-05-2020 23:11:09 :: Welcome To Admin Page
22-05-2020 23:11:09 :: Go To Admin Page
22-05-2020 23:11:11 :: Welcome To Add And View User
22-05-2020 23:11:11 :: Show All User in DataBase
22-05-2020 23:11:11 :: Go To Add and View User Page
22-05-2020 23:11:25 :: Show All User in DataBase
22-05-2020 23:11:25 :: Add New User in DataBase
22-05-2020 23:11:29 :: Welcome To Admin Page
22-05-2020 23:11:29 :: Go To Admin Page
22-05-2020 23:11:31 :: Welcome To View Books
22-05-2020 23:11:31 :: Go To Search and View Book Page
22-05-2020 23:11:34 :: Select All Books
22-05-2020 23:11:37 :: Select All Books
22-05-2020 23:11:41 :: Welcome To Admin Page
22-05-2020 23:11:41 :: Go To Admin Page
22-05-2020 23:11:42 :: Welcome To View Books
22-05-2020 23:11:42 :: Go To Search and View Book Page
22-05-2020 23:11:44 :: Select All Books
22-05-2020 23:11:50 :: Select All Books
22-05-2020 23:11:53 :: Select All Books
22-05-2020 23:11:54 :: Select All Books
22-05-2020 23:11:55 :: Welcome To Admin Page
22-05-2020 23:11:55 :: Go To Admin Page
22-05-2020 23:11:56 :: Welcome To View Borrow Books
22-05-2020 23:11:56 :: Go To  View Borrow Book Page
22-05-2020 23:12:00 :: Select All Borrow Book
22-05-2020 23:12:04 :: Welcome To Admin Page
22-05-2020 23:12:04 :: Go To Admin Page
22-05-2020 23:12:05 :: Welcome To View Borrow Books
22-05-2020 23:12:05 :: Go To  View Borrow Book Page
22-05-2020 23:12:08 :: Select All Borrow Book
22-05-2020 23:12:12 :: Welcome To Admin Page
22-05-2020 23:12:12 :: Go To Admin Page
22-05-2020 23:12:13 :: Welcome Update and Delete Book Page
22-05-2020 23:12:13 :: Select All Books
22-05-2020 23:12:13 :: fill Combox of type id
22-05-2020 23:12:13 :: Go To Update and Delete Book Page
22-05-2020 23:13:18 :: Welcome To Admin Page
22-05-2020 23:13:18 :: Go To Admin Page
22-05-2020 23:13:20 :: Weclome To Login Form
22-05-2020 23:13:20 :: Go To Login Page
22-05-2020 23:14:19 :: Weclome To Login Form
22-05-2020 23:14:25 :: Welcome To Admin Page
22-05-2020 23:14:25 :: Login From Admin::Admin1
22-05-2020 23:14:26 :: Welcome Update and Delete Book Page
22-05-2020 23:14:26 :: Select All Books
22-05-2020 23:14:26 :: fill Combox of type id
22-05-2020 23:14:27 :: Go To Update and Delete Book Page
22-05-2020 23:15:30 :: Weclome To Login Form
22-05-2020 23:15:37 :: Welcome To Admin Page
22-05-2020 23:15:37 :: Login From Admin::Admin1
22-05-2020 23:15:39 :: Welcome To Update And Delete User
22-05-2020 23:15:39 :: Show All User in DataBase
22-05-2020 23:15:39 :: Go To Update and Delete User Page
22-05-2020 23:17:15 :: Weclome To Login Form
22-05-2020 23:17:21 :: Welcome To Admin Page
22-05-2020 23:17:21 :: Login From Admin::Admin1
22-05-2020 23:17:23 :: Welcome Update and Delete Book Page
22-05-2020 23:17:23 :: Select All Books
22-05-2020 23:17:23 :: fill Combox of type id
22-05-2020 23:17:23 :: Go To Update and Delete Book Page
22-05-2020 23:17:28 :: Select All Books
22-05-2020 23:17:28 :: Update Book for ISBN::6666Update Book Name::aa, Auther::sssw, TypeId::2
22-05-2020 23:17:48 :: Weclome To Login Form
22-05-2020 23:17:54 :: Welcome To Admin Page
22-05-2020 23:17:54 :: Login From Admin::Admin1
22-05-2020 23:17:55 :: Welcome Update and Delete Book Page
22-05-2020 23:17:55 :: Select All Books
22-05-2020 23:17:55 :: fill Combox of type id
22-05-2020 23:17:55 :: Go To Update and Delete Book Page
22-05-2020 23:18:01 :: Select All Books
22-05-2020 23:21:29 :: Weclome To Login Form
22-05-2020 23:21:38 :: Welcome To Admin Page
22-05-2020 23:21:38 :: Login From Admin::Admin1
22-05-2020 23:21:39 :: Welcome To Add And View Book Page
22-05-2020 23:21:39 :: Fill Combox of TypeId
22-05-2020 23:21:39 :: Show All Book in DataBase
22-05-2020 23:21:40 :: Go To Add and View Book Page
22-05-2020 23:21:41 :: Welcome To Admin Page
22-05-2020 23:21:41 :: Go To Admin Page
22-05-2020 23:22:02 :: Welcome Update and Delete Book Page
22-05-2020 23:22:02 :: Select All Books
22-05-2020 23:22:02 :: fill Combox of type id
22-05-2020 23:22:02 :: Go To Update and Delete Book Page
22-05-2020 23:22:09 :: Select All Books
22-05-2020 23:22:09 :: Update Book for ISBN::55889Update Book Name::jja, Auther::ssa, TypeId::2
22-05-2020 23:22:14 :: Select All Books
22-05-2020 23:22:14 :: Delete Book for ISBN::6696669
23-05-2020 00:49:03 :: Weclome To Login Form
23-05-2020 00:51:42 :: Welcome To Admin Page
23-05-2020 00:51:42 :: Login From Admin::Admin1
23-05-2020 00:54:59 :: Welcome To Add And View Book Page
23-05-2020 00:54:59 :: Fill Combox of TypeId
23-05-2020 00:54:59 :: Show All Book in DataBase
23-05-2020 00:54:59 :: Go To Add and View Book Page
23-05-2020 00:58:17 :: Insert New Book ::  book name::UNIX Power Tools, ISBN::6666, Auther:: Jerry Peek, Type ID::3
23-05-2020 01:02:39 :: Welcome To Admin Page
23-05-2020 01:02:39 :: Go To Admin Page
23-05-2020 01:04:05 :: Welcome To Add And View User
23-05-2020 01:04:05 :: Show All User in DataBase
23-05-2020 01:04:05 :: Go To Add and View User Page
23-05-2020 01:05:19 :: Show All User in DataBase
23-05-2020 01:05:19 :: Add New User in DataBase
23-05-2020 01:07:16 :: Welcome To Admin Page
23-05-2020 01:07:16 :: Go To Admin Page
23-05-2020 01:07:18 :: Welcome To View Books
23-05-2020 01:07:18 :: Go To Search and View Book Page
23-05-2020 01:07:23 :: Welcome To Admin Page
23-05-2020 01:07:23 :: Go To Admin Page
23-05-2020 01:08:47 :: Welcome To View Books
23-05-2020 01:08:47 :: Go To Search and View Book Page
23-05-2020 01:08:53 :: Select All Books
23-05-2020 01:09:09 :: Select All Books
23-05-2020 01:10:34 :: Select All Books
23-05-2020 01:12:06 :: Select All Books
23-05-2020 01:12:40 :: Welcome To Admin Page
23-05-2020 01:12:40 :: Go To Admin Page
23-05-2020 01:12:44 :: Welcome To View Borrow Books
23-05-2020 01:12:44 :: Go To  View Borrow Book Page
23-05-2020 01:12:47 :: Select All Borrow Book
23-05-2020 01:13:04 :: Search for Borrow Book
23-05-2020 01:13:05 :: Select All Borrow Book
23-05-2020 01:13:17 :: Welcome To Admin Page
23-05-2020 01:13:17 :: Go To Admin Page
23-05-2020 01:14:57 :: Welcome To View Borrow Books
23-05-2020 01:14:57 :: Go To  View Borrow Book Page
23-05-2020 01:14:59 :: Select All Borrow Book
23-05-2020 01:16:10 :: Search for Borrow Book
23-05-2020 01:16:41 :: Welcome To Admin Page
23-05-2020 01:16:41 :: Go To Admin Page
23-05-2020 01:16:55 :: Welcome Update and Delete Book Page
23-05-2020 01:16:55 :: Select All Books
23-05-2020 01:16:55 :: fill Combox of type id
23-05-2020 01:16:55 :: Go To Update and Delete Book Page
23-05-2020 01:20:07 :: Select All Books
23-05-2020 01:20:07 :: Update Book for ISBN::1111Update Book Name::The Silk , Auther::Peter james Frankopan, TypeId::1
23-05-2020 01:21:34 :: Select All Books
23-05-2020 01:21:34 :: Delete Book for ISBN::6666
23-05-2020 01:21:52 :: Welcome To Admin Page
23-05-2020 01:21:52 :: Go To Admin Page
23-05-2020 01:22:58 :: Welcome To Update And Delete User
23-05-2020 01:22:58 :: Show All User in DataBase
23-05-2020 01:22:58 :: Go To Update and Delete User Page
23-05-2020 01:23:30 :: Select All User in DataBase
23-05-2020 01:23:30 :: Update User for User Id::120202022Update User Name::Reem, gender::Female, address::Rafha, DOB::2020-05-19
23-05-2020 01:24:29 :: Select All User in DataBase
23-05-2020 01:24:29 :: Delete User for User Id::120202022
23-05-2020 01:24:45 :: Welcome To Admin Page
23-05-2020 01:24:45 :: Go To Admin Page
23-05-2020 01:26:25 :: Weclome To Login Form
23-05-2020 01:26:25 :: Go To Login Page
23-05-2020 01:26:35 :: Error in Login process
23-05-2020 01:26:48 :: Welcome To User Page
23-05-2020 01:26:48 :: Login From User::Zac
23-05-2020 01:29:28 :: Welcome To Add And View Borrow Book
23-05-2020 01:29:28 :: fill Combox of Book ID
23-05-2020 01:29:28 :: Show All Borrow Books
23-05-2020 01:29:28 :: Go To Add Borrow Book
23-05-2020 01:33:39 :: Welcome To User Page
23-05-2020 01:33:39 :: Go To Admin Page
23-05-2020 01:33:43 :: Welcome To View Books
23-05-2020 01:33:43 :: Go To View And Search  Books
23-05-2020 01:33:46 :: Select All Book
23-05-2020 01:33:49 :: Welcome To User Page
23-05-2020 01:33:49 :: Go To User Page
23-05-2020 01:35:17 :: Welcome To View Books
23-05-2020 01:35:17 :: Go To View And Search  Books
23-05-2020 01:35:18 :: Select All Book
23-05-2020 01:35:37 :: Search Book
23-05-2020 01:36:11 :: Welcome To User Page
23-05-2020 01:36:11 :: Go To User Page
23-05-2020 01:36:12 :: Welcome To Update Information for users
23-05-2020 01:36:12 :: Go To Update User Information
23-05-2020 01:37:31 :: Update User for User Id::120191992Update User Name::Zak, gender::Male, address::Gaza, DOB::2020-05-19
23-05-2020 01:37:44 :: Welcome To User Page
23-05-2020 01:37:44 :: Go To User Page
23-05-2020 01:37:45 :: Welcome To Show Borrow Book For User Page
23-05-2020 01:37:45 :: Go To Show Borrow Book
23-05-2020 01:37:51 :: Welcome To User Page
23-05-2020 01:37:51 :: Go To User Page
23-05-2020 01:38:38 :: Welcome To Show Borrow Book For User Page
23-05-2020 01:38:38 :: Go To Show Borrow Book
23-05-2020 01:38:48 :: Show All Borrow Book For User is Borrow This Book
23-05-2020 01:40:33 :: Welcome To User Page
23-05-2020 01:40:33 :: Go To User Page
23-05-2020 01:40:34 :: Weclome To Login Form
23-05-2020 01:40:34 :: Go To Login Page
23-05-2020 01:40:37 :: Welcome  To Sign Up Page
23-05-2020 01:40:37 :: Go To Sign Up Page
23-05-2020 01:41:42 :: Add Successfuly for new User:: username:: Ali gender:: Male address::Rafha DOB::2020-06-04
23-05-2020 01:41:55 :: Weclome To Login Form
23-05-2020 01:41:55 :: Go To Login Page